[13-Mar-2025 03:42:26 UTC] PHP Fatal error:  Out of memory (allocated 37748736) (tried to allocate 2097152 bytes) in /workspaces/UX221Assignment3/.wordpress/wp-content/plugins/ecommerce-product-catalog/includes/register-product.php on line 382
[13-Mar-2025 03:42:26 UTC] PHP Fatal error:  Uncaught Error: Class "ic_catalog_notices" not found in /workspaces/UX221Assignment3/.wordpress/wp-content/plugins/ecommerce-product-catalog/includes/settings/general.php:600
Stack trace:
#0 /workspaces/UX221Assignment3/.wordpress/wp-content/plugins/ecommerce-product-catalog/includes/settings/general.php(687): get_multiple_settings()
#1 /workspaces/UX221Assignment3/.wordpress/wp-content/plugins/ecommerce-product-catalog/includes/tracking.php(126): get_integration_type()
#2 /workspaces/UX221Assignment3/.wordpress/wp-content/plugins/ecommerce-product-catalog/includes/tracking.php(99): IC_EPC_Tracking->get_integration_type()
#3 /workspaces/UX221Assignment3/.wordpress/wp-content/plugins/ecommerce-product-catalog/includes/tracking.php(551): IC_EPC_Tracking->setup_data()
#4 /workspaces/UX221Assignment3/.wordpress/wp-content/plugins/ecommerce-product-catalog/includes/tracking.php(481): IC_EPC_Tracking->send_paused_checkin(Array, true)
#5 [internal function]: IC_EPC_Tracking->fatal()
#6 {main}
  thrown in /workspaces/UX221Assignment3/.wordpress/wp-content/plugins/ecommerce-product-catalog/includes/settings/general.php on line 600
[13-Mar-2025 03:42:34 UTC] PHP Fatal error:  Out of memory (allocated 33554432) (tried to allocate 2097152 bytes) in /workspaces/UX221Assignment3/.wordpress/wp-content/plugins/ecommerce-product-catalog/includes/register-product.php on line 382
[13-Mar-2025 03:42:34 UTC] PHP Fatal error:  Uncaught Error: Class "ic_catalog_notices" not found in /workspaces/UX221Assignment3/.wordpress/wp-content/plugins/ecommerce-product-catalog/includes/settings/general.php:600
Stack trace:
#0 /workspaces/UX221Assignment3/.wordpress/wp-content/plugins/ecommerce-product-catalog/includes/settings/general.php(687): get_multiple_settings()
#1 /workspaces/UX221Assignment3/.wordpress/wp-content/plugins/ecommerce-product-catalog/includes/tracking.php(126): get_integration_type()
#2 /workspaces/UX221Assignment3/.wordpress/wp-content/plugins/ecommerce-product-catalog/includes/tracking.php(99): IC_EPC_Tracking->get_integration_type()
#3 /workspaces/UX221Assignment3/.wordpress/wp-content/plugins/ecommerce-product-catalog/includes/tracking.php(551): IC_EPC_Tracking->setup_data()
#4 /workspaces/UX221Assignment3/.wordpress/wp-content/plugins/ecommerce-product-catalog/includes/tracking.php(481): IC_EPC_Tracking->send_paused_checkin(Array, true)
#5 [internal function]: IC_EPC_Tracking->fatal()
#6 {main}
  thrown in /workspaces/UX221Assignment3/.wordpress/wp-content/plugins/ecommerce-product-catalog/includes/settings/general.php on line 600
[13-Mar-2025 03:43:14 UTC] PHP Fatal error:  Out of memory (allocated 31457280) (tried to allocate 2097152 bytes) in /workspaces/UX221Assignment3/.wordpress/wp-content/plugins/ecommerce-product-catalog/includes/register-product.php on line 379
[13-Mar-2025 03:43:14 UTC] PHP Fatal error:  Uncaught Error: Class "ic_catalog_notices" not found in /workspaces/UX221Assignment3/.wordpress/wp-content/plugins/ecommerce-product-catalog/includes/settings/general.php:600
Stack trace:
#0 /workspaces/UX221Assignment3/.wordpress/wp-content/plugins/ecommerce-product-catalog/includes/settings/general.php(687): get_multiple_settings()
#1 /workspaces/UX221Assignment3/.wordpress/wp-content/plugins/ecommerce-product-catalog/includes/tracking.php(126): get_integration_type()
#2 /workspaces/UX221Assignment3/.wordpress/wp-content/plugins/ecommerce-product-catalog/includes/tracking.php(99): IC_EPC_Tracking->get_integration_type()
#3 /workspaces/UX221Assignment3/.wordpress/wp-content/plugins/ecommerce-product-catalog/includes/tracking.php(551): IC_EPC_Tracking->setup_data()
#4 /workspaces/UX221Assignment3/.wordpress/wp-content/plugins/ecommerce-product-catalog/includes/tracking.php(481): IC_EPC_Tracking->send_paused_checkin(Array, true)
#5 [internal function]: IC_EPC_Tracking->fatal()
#6 {main}
  thrown in /workspaces/UX221Assignment3/.wordpress/wp-content/plugins/ecommerce-product-catalog/includes/settings/general.php on line 600
[13-Mar-2025 03:43:28 UTC] PHP Fatal error:  Out of memory (allocated 31457280) (tried to allocate 2097152 bytes) in /workspaces/UX221Assignment3/.wordpress/wp-content/plugins/ecommerce-product-catalog/functions/functions.php on line 1811
[13-Mar-2025 03:43:37 UTC] PHP Fatal error:  Out of memory (allocated 31457280) (tried to allocate 2097152 bytes) in /workspaces/UX221Assignment3/.wordpress/wp-content/plugins/ecommerce-product-catalog/includes/register-product.php on line 18
[13-Mar-2025 03:48:16 UTC] PHP Warning:  Undefined property: WP_Ajax_Upgrader_Skin::$api in /workspaces/UX221Assignment3/.wordpress/wp-admin/includes/class-theme-upgrader.php on line 160
[13-Mar-2025 03:53:27 UTC] PHP Warning:  Undefined property: WP_Ajax_Upgrader_Skin::$api in /workspaces/UX221Assignment3/.wordpress/wp-admin/includes/class-theme-upgrader.php on line 160
[13-Mar-2025 03:55:21 UTC] PHP Warning:  Undefined array key "QUERY_STRING" in /workspaces/UX221Assignment3/.wordpress/wp-content/themes/di-ecommerce/inc/core/theme-page.php on line 86
[13-Mar-2025 03:55:21 UTC] PHP Warning:  Cannot modify header information - headers already sent by (output started at /workspaces/UX221Assignment3/.wordpress/wp-content/themes/di-ecommerce/inc/core/theme-page.php:86) in /workspaces/UX221Assignment3/.wordpress/wp-admin/includes/misc.php on line 1438
[13-Mar-2025 03:55:21 UTC] PHP Warning:  Cannot modify header information - headers already sent by (output started at /workspaces/UX221Assignment3/.wordpress/wp-content/themes/di-ecommerce/inc/core/theme-page.php:86) in /workspaces/UX221Assignment3/.wordpress/wp-includes/functions.php on line 7137
[13-Mar-2025 03:55:21 UTC] PHP Warning:  Cannot modify header information - headers already sent by (output started at /workspaces/UX221Assignment3/.wordpress/wp-content/themes/di-ecommerce/inc/core/theme-page.php:86) in /workspaces/UX221Assignment3/.wordpress/wp-admin/admin-header.php on line 9
[13-Mar-2025 03:56:00 UTC] PHP Warning:  Undefined array key "QUERY_STRING" in /workspaces/UX221Assignment3/.wordpress/wp-content/themes/di-ecommerce/inc/core/theme-page.php on line 86
[13-Mar-2025 03:56:00 UTC] PHP Warning:  Cannot modify header information - headers already sent by (output started at /workspaces/UX221Assignment3/.wordpress/wp-content/themes/di-ecommerce/inc/core/theme-page.php:86) in /workspaces/UX221Assignment3/.wordpress/wp-admin/includes/misc.php on line 1438
[13-Mar-2025 03:56:00 UTC] PHP Warning:  Cannot modify header information - headers already sent by (output started at /workspaces/UX221Assignment3/.wordpress/wp-content/themes/di-ecommerce/inc/core/theme-page.php:86) in /workspaces/UX221Assignment3/.wordpress/wp-includes/functions.php on line 7137
[13-Mar-2025 03:56:00 UTC] PHP Warning:  Cannot modify header information - headers already sent by (output started at /workspaces/UX221Assignment3/.wordpress/wp-content/themes/di-ecommerce/inc/core/theme-page.php:86) in /workspaces/UX221Assignment3/.wordpress/wp-admin/admin-header.php on line 9
[13-Mar-2025 03:56:39 UTC] PHP Warning:  Cannot modify header information - headers already sent by (output started at /workspaces/UX221Assignment3/.wordpress/wp-content/mu-plugins/one-click-child-theme/one-click-child-theme.php:419) in /workspaces/UX221Assignment3/.wordpress/wp-includes/pluggable.php on line 1435
[13-Mar-2025 03:56:39 UTC] PHP Warning:  Cannot modify header information - headers already sent by (output started at /workspaces/UX221Assignment3/.wordpress/wp-content/mu-plugins/one-click-child-theme/one-click-child-theme.php:419) in /workspaces/UX221Assignment3/.wordpress/wp-includes/pluggable.php on line 1438
[13-Mar-2025 04:11:15 UTC] PHP Fatal error:  Out of memory (allocated 37748736) (tried to allocate 2097152 bytes) in /workspaces/UX221Assignment3/.wordpress/wp-content/plugins/ecommerce-product-catalog/functions/cached.php on line 187
[13-Mar-2025 04:11:15 UTC] PHP Fatal error:  Out of memory (allocated 33554432) (tried to allocate 2097152 bytes) in /workspaces/UX221Assignment3/.wordpress/wp-content/plugins/ecommerce-product-catalog/functions/cached.php on line 187
[13-Mar-2025 04:11:15 UTC] PHP Fatal error:  Out of memory (allocated 31457280) (tried to allocate 2097152 bytes) in /workspaces/UX221Assignment3/.wordpress/wp-content/plugins/ecommerce-product-catalog/functions/cached.php on line 187
[13-Mar-2025 04:11:16 UTC] PHP Fatal error:  Out of memory (allocated 31457280) (tried to allocate 2097152 bytes) in /workspaces/UX221Assignment3/.wordpress/wp-content/plugins/ecommerce-product-catalog/functions/cached.php on line 187
[13-Mar-2025 04:11:16 UTC] PHP Fatal error:  Out of memory (allocated 31457280) (tried to allocate 2097152 bytes) in /workspaces/UX221Assignment3/.wordpress/wp-content/plugins/ecommerce-product-catalog/functions/cached.php on line 187
[13-Mar-2025 04:11:16 UTC] PHP Fatal error:  Out of memory (allocated 31457280) (tried to allocate 2097152 bytes) in /workspaces/UX221Assignment3/.wordpress/wp-content/plugins/ecommerce-product-catalog/functions/cached.php on line 187
[13-Mar-2025 04:11:16 UTC] PHP Fatal error:  Out of memory (allocated 31457280) (tried to allocate 2097152 bytes) in /workspaces/UX221Assignment3/.wordpress/wp-content/plugins/ecommerce-product-catalog/functions/cached.php on line 187
[13-Mar-2025 04:11:17 UTC] PHP Fatal error:  Out of memory (allocated 31457280) (tried to allocate 2097152 bytes) in /workspaces/UX221Assignment3/.wordpress/wp-content/plugins/ecommerce-product-catalog/functions/cached.php on line 187
[13-Mar-2025 04:11:17 UTC] PHP Fatal error:  Out of memory (allocated 31457280) (tried to allocate 2097152 bytes) in /workspaces/UX221Assignment3/.wordpress/wp-content/plugins/ecommerce-product-catalog/functions/cached.php on line 84
[13-Mar-2025 04:11:17 UTC] PHP Fatal error:  Out of memory (allocated 31457280) (tried to allocate 2097152 bytes) in /workspaces/UX221Assignment3/.wordpress/wp-content/plugins/ecommerce-product-catalog/functions/cached.php on line 84
[13-Mar-2025 04:11:23 UTC] PHP Fatal error:  Out of memory (allocated 31457280) (tried to allocate 2097152 bytes) in /workspaces/UX221Assignment3/.wordpress/wp-content/plugins/ecommerce-product-catalog/functions/cached.php on line 84
[13-Mar-2025 04:11:24 UTC] PHP Fatal error:  Out of memory (allocated 31457280) (tried to allocate 2097152 bytes) in /workspaces/UX221Assignment3/.wordpress/wp-content/plugins/ecommerce-product-catalog/functions/cached.php on line 68
[13-Mar-2025 04:11:26 UTC] PHP Fatal error:  Out of memory (allocated 31457280) (tried to allocate 2097152 bytes) in /workspaces/UX221Assignment3/.wordpress/wp-content/plugins/ecommerce-product-catalog/functions/cached.php on line 84
[13-Mar-2025 04:11:26 UTC] PHP Fatal error:  Out of memory (allocated 31457280) (tried to allocate 2097152 bytes) in /workspaces/UX221Assignment3/.wordpress/wp-content/plugins/ecommerce-product-catalog/functions/conditionals.php on line 61
[13-Mar-2025 04:11:35 UTC] PHP Fatal error:  Out of memory (allocated 31457280) (tried to allocate 2097152 bytes) in /workspaces/UX221Assignment3/.wordpress/wp-content/plugins/ecommerce-product-catalog/functions/conditionals.php on line 1125
